*** Using Compiler 'V5.06 update 5 (build 528)', folder: 'D:\App\Keil\Keil Core\ARM\ARMCC\Bin'
Rebuild target 'Drone'
assembling startup_stm32f103xb.s...
compiling spi.c...
compiling usart.c...
compiling stm32f1xx_hal_rcc.c...
compiling stm32f1xx_hal_msp.c...
compiling stm32f1xx_hal.c...
compiling stm32f1xx_hal_spi.c...
compiling gpio.c...
compiling stm32f1xx_hal_gpio_ex.c...
compiling stm32f1xx_hal_dma.c...
compiling stm32f1xx_it.c...
compiling tim.c...
compiling stm32f1xx_hal_rcc_ex.c...
compiling stm32f1xx_hal_cortex.c...
compiling croutine.c...
compiling event_groups.c...
compiling list.c...
compiling main.c...
compiling queue.c...
compiling stream_buffer.c...
compiling timers.c...
compiling heap_4.c...
compiling tasks.c...
compiling port.c...
compiling stm32f1xx_hal_gpio.c...
compiling stm32f1xx_hal_pwr.c...
compiling stm32f1xx_hal_flash.c...
compiling stm32f1xx_hal_exti.c...
compiling stm32f1xx_hal_flash_ex.c...
compiling stm32f1xx_hal_tim_ex.c...
compiling stm32f1xx_hal_tim.c...
compiling Power.c...
compiling LED.c...
compiling Com_debug.c...
compiling system_stm32f1xx.c...
compiling stm32f1xx_hal_uart.c...
compiling Motor.c...
compiling SI24R1.c...
compiling APP_RTOS_Task.c...
linking...
Program Size: Code=13728 RO-data=312 RW-data=208 ZI-data=19112  
FromELF: creating hex file...
"Drone\Drone.axf" - 0 Error(s), 0 Warning(s).
Build Time Elapsed:  00:00:06
